18/05/2015,Cristini Elisa,arv00298,Interno
18/05/2015,Giordano Giuseppe,arx50011,Esterno
18/05/2015,Giordano Giuseppe,arx50011,Esterno
18/05/2015,Angela Volpe,arv00299,Interno
18/05/2015,Spoldi Dario,ars00023,Interno
18/05/2015,Giacomazzi Davide,ars00008,Interno
18/05/2015,Nordera Elena,arv00181,Interno
18/05/2015,Fadini Cristian,ara00260,Interno
18/05/2015,Salati Stefania,arl00118,Interno
18/05/2015,Spoldi Dario,ars00023,Interno
18/05/2015,Lianti Andrea,arx50031,Esterno
18/05/2015,Lianti Andrea,arx50031,Esterno
18/05/2015,Lianti Andrea,arx50031,Esterno
18/05/2015,Sartori Elena,arl00194,Interno
18/05/2015,Titi Stefania,arl00184,Interno
18/05/2015,Canteri Daniele,xdcant,Interno
18/05/2015,Bertani Claudia,ara00317,Interno
18/05/2015,Canteri Daniele,xdcant,Interno
18/05/2015,Caleffi Evelyn,arl00156,Interno
18/05/2015,Bianchini Emma,arl00044,Interno
18/05/2015,Rigobello Elisa,erigo1,Interno
18/05/2015,Zecchetto Valeria,ara00073,Interno
18/05/2015,Masoni Francesco,arl00199,Interno
18/05/2015,Rigobello Elisa,erigo1,Interno
18/05/2015,Gastaldello Maria,arl00046,Interno
18/05/2015,Farina Maria Rosaria,arl00122,Interno
18/05/2015,Gobbati Francesca,arl00188,Interno
18/05/2015,Arrichiello Cristiano,arl00198,Interno
18/05/2015,Nasone Francesca,arl00192,Interno
18/05/2015,Strambini Giulia,arl00159,Interno
18/05/2015,Ganassini Susanna,ara00289,Interno
18/05/2015,Zecchetto Valeria,ara00073,Interno
18/05/2015,Pellegrini Luca,ara00222,Interno
18/05/2015,Tacconi Nicolò,arx50036,Esterno
18/05/2015,Rizzi Silvia,arl00104,Interno
18/05/2015,Anderloni Silvia,ara00323,Interno
18/05/2015,Venturelli Emiliano,ara00301,Interno
18/05/2015,Bragastini Cristina,ara00054,Interno
18/05/2015,Stefania Colombo,ara00333,Interno
18/05/2015,Corsini Paola,arl00047,Interno
18/05/2015,Torre Natascia,arv00281,Interno
18/05/2015,Calderoni Oriana,arl00072,Interno
18/05/2015,Vargiu Barbara,ara00347,Interno
18/05/2015,Vargiu Barbara,ara00347,Interno
18/05/2015,Torre Natascia,arv00281,Interno
18/05/2015,Gasparini Paola,arl00042,Interno
18/05/2015,Venturi Margherita,arv00303,Interno
18/05/2015,Bianchini Emma,arl00044,Interno
18/05/2015,Pavone Andrea,ars00031,Interno
18/05/2015,Antonello Nicola,ara00038,Interno
18/05/2015,Agapescu Liliana,ara00321,Interno
18/05/2015,Bertasini Lucia,arv00308,Interno
18/05/2015,Mazzone Aurora,arl00202,Interno
18/05/2015,De Cillis Mauro,arx01801,Esterno
18/05/2015,Fadini Cristian,ara00260,Interno
18/05/2015,Antonello Nicola,ara00038,Interno
18/05/2015,Pellegrini Luca,ara00222,Interno
18/05/2015,Agapescu Liliana,ara00321,Interno
18/05/2015,Bertani Claudia,ara00317,Interno
18/05/2015,Marcolini Marcella,ara00102,Interno
18/05/2015,Zanon Chiara,arl00205,Interno
18/05/2015,De Cillis Mauro,arx01801,Esterno
18/05/2015,Facchin Matteo,ars00006,Interno
18/05/2015,D'auria Rossana,arx50019,Esterno
18/05/2015,Facchin Matteo,ars00006,Interno
18/05/2015,Angela Volpe,arv00299,Interno
18/05/2015,Conti Rossella,arl00201,Interno
18/05/2015,Zampieri Michela,ara00200,Interno
18/05/2015,Lianti Andrea,arx50031,Esterno
18/05/2015,Mondini Giorgio,arv00087,Interno
18/05/2015,Agostini Enrico,arx50005,Esterno
18/05/2015,Zampieri Michela,ara00200,Interno
18/05/2015,Bellini Elisa,arx50020,Esterno
18/05/2015,Barana Roberta,arl00174,Interno
18/05/2015,Napolitano Giosuè,ara00181,Interno
18/05/2015,Ortolani Brunella,arv00314,Interno
18/05/2015,Lianti Andrea,arx50031,Esterno
18/05/2015,Lizzari Chiara,ara00268,Interno
18/05/2015,Lucchi Marco,xmlucc,Interno
18/05/2015,Dal Dosso Sara,arl00158,Interno
18/05/2015,Salati Stefania,arl00118,Interno
18/05/2015,Salati Stefania,arl00118,Interno
18/05/2015,Canteri Daniele,xdcant,Interno
18/05/2015,Sirdone Antonia,arv00320,Interno
18/05/2015,Canteri Daniele,xdcant,Interno
18/05/2015,Campion Emanuele,arv00007,Interno
18/05/2015,Sargentini Federica,fsarg1,Interno
18/05/2015,Napolitano Giosuè,ara00181,Interno
18/05/2015,Antonello Nicola,ara00038,Interno
18/05/2015,Antonello Nicola,ara00038,Interno
18/05/2015,Lizzari Chiara,ara00268,Interno
18/05/2015,Pagani Sonia,ara00087,Interno
18/05/2015,Angela Volpe,arv00299,Interno
18/05/2015,Nordera Elena,arv00181,Interno
18/05/2015,Nordera Elena,arv00181,Interno
18/05/2015,Nordera Elena,arv00181,Interno
18/05/2015,Giannone Immacolata,arl00152,Interno
18/05/2015,De Cillis Mauro,arx01801,Esterno
18/05/2015,Bolognese Giorgio,arv00001,Interno
18/05/2015,Bragastini Cristina,ara00054,Interno
18/05/2015,Bragastini Cristina,ara00054,Interno
18/05/2015,Zugliani Marta,ara00300,Interno
18/05/2015,Titi Stefania,arl00184,Interno
18/05/2015,Bertani Claudia,ara00317,Interno
18/05/2015,Ugolini Gaia,arl00183,Interno
18/05/2015,Ala Michela,ara00338,Interno
18/05/2015,D'auria Rossana,arx50019,Esterno
18/05/2015,Sirdone Antonia,arv00320,Interno
18/05/2015,Cristini Elisa,arv00298,Interno
18/05/2015,Pagani Sonia,ara00087,Interno
18/05/2015,Avesani Erika,arv00143,Interno
18/05/2015,Agapescu Liliana,ara00321,Interno
18/05/2015,Venturi Margherita,arv00303,Interno
18/05/2015,Lizzari Chiara,ara00268,Interno
18/05/2015,Bragastini Cristina,ara00054,Interno
18/05/2015,Bragastini Cristina,ara00054,Interno
18/05/2015,Bozzini Michele,arx03308,Esterno
18/05/2015,Canteri Daniele,xdcant,Interno
18/05/2015,De Fanti Alessandro,arl00154,Interno
18/05/2015,Canteri Daniele,xdcant,Interno
18/05/2015,Angela Volpe,arv00299,Interno
18/05/2015,Angela Volpe,arv00299,Interno
18/05/2015,Tacconi Nicolò,arx50036,Esterno
18/05/2015,Tacconi Nicolò,arx50036,Esterno
18/05/2015,Napolitano Giosuè,ara00181,Interno
18/05/2015,Venturelli Emiliano,ara00301,Interno
18/05/2015,Napolitano Giosuè,ara00181,Interno
18/05/2015,Campanini Daniele,ars00005,Interno
18/05/2015,Chianura Andrea,arv00321,Interno
18/05/2015,Avesani Erika,arv00143,Interno
18/05/2015,Campion Emanuele,arv00007,Interno
18/05/2015,Fadini Cristian,ara00260,Interno
18/05/2015,Fadini Cristian,ara00260,Interno
18/05/2015,Fadini Cristian,ara00260,Interno
18/05/2015,Fadini Cristian,ara00260,Interno
18/05/2015,Ortolani Brunella,arv00314,Interno
18/05/2015,Bellini Elisa,arx50020,Esterno
18/05/2015,Canteri Daniele,xdcant,Interno
18/05/2015,Napolitano Giosuè,ara00181,Interno
18/05/2015,Salati Stefania,arl00118,Interno
18/05/2015,D'auria Rossana,arx50019,Esterno
18/05/2015,D'auria Rossana,arx50019,Esterno
18/05/2015,Lucchi Marco,xmlucc,Interno
18/05/2015,Lucchi Marco,xmlucc,Interno
18/05/2015,Nordera Elena,arv00181,Interno
18/05/2015,Nordera Elena,arv00181,Interno
18/05/2015,D'auria Rossana,arx50019,Esterno
18/05/2015,Pagan Zecchin Elena,arv00178,Interno
18/05/2015,Spoldi Dario,ars00023,Interno
18/05/2015,Agapescu Liliana,ara00321,Interno
18/05/2015,Lizzari Chiara,ara00268,Interno
18/05/2015,Maschi Giorgia,ara00322,Interno
18/05/2015,Strambini Giulia,arl00159,Interno
18/05/2015,Feralo Gianluca,arv00089,Interno
18/05/2015,Ugolini Gaia,arl00183,Interno
18/05/2015,Canteri Daniele,xdcant,Interno
18/05/2015,Vincifori Sonia,arl00119,Interno
18/05/2015,Crepaz Nadine,arl00009,Interno
18/05/2015,Crepaz Nadine,arl00009,Interno
18/05/2015,Crepaz Nadine,arl00009,Interno
18/05/2015,Campion Emanuele,arv00007,Interno
18/05/2015,Campion Emanuele,arv00007,Interno
18/05/2015,Gobbati Francesca,arl00188,Interno
18/05/2015,Bolognese Giorgio,arv00001,Interno
18/05/2015,Venturi Margherita,arv00303,Interno
18/05/2015,Bozzini Michele,arx03308,Esterno
18/05/2015,Bozzini Michele,arx03308,Esterno
18/05/2015,Pozzani Verena,arl00039,Interno
18/05/2015,Lianti Andrea,arx50031,Esterno
18/05/2015,Nordera Elena,arv00181,Interno
18/05/2015,Nordera Elena,arv00181,Interno
18/05/2015,Stefania Colombo,ara00333,Interno
18/05/2015,Torre Natascia,arv00281,Interno
18/05/2015,Mondini Giorgio,arv00087,Interno
18/05/2015,Venturelli Emiliano,ara00301,Interno
18/05/2015,Morbioli Marta,arl00116,Interno
18/05/2015,Bellini Elisa,arx50020,Esterno
18/05/2015,Salati Stefania,arl00118,Interno
18/05/2015,Salati Stefania,arl00118,Interno
18/05/2015,Lizzari Chiara,ara00268,Interno
18/05/2015,Lizzari Chiara,ara00268,Interno
18/05/2015,Gasparini Paola,arl00042,Interno
18/05/2015,Sirdone Antonia,arv00320,Interno
18/05/2015,Mazzone Aurora,arl00202,Interno
18/05/2015,Avesani Erika,arv00143,Interno
18/05/2015,Avesani Erika,arv00143,Interno
18/05/2015,Campion Emanuele,arv00007,Interno
18/05/2015,Zampieri Michela,ara00200,Interno
18/05/2015,Vignola Diego,ars00027,Interno
18/05/2015,Agapescu Liliana,ara00321,Interno
18/05/2015,Bragastini Cristina,ara00054,Interno
18/05/2015,Bragastini Cristina,ara00054,Interno
18/05/2015,Nordera Elena,arv00181,Interno
18/05/2015,Nordera Elena,arv00181,Interno
18/05/2015,Strambini Giulia,arl00159,Interno
18/05/2015,Ragni Luigi,arv00307,Interno
18/05/2015,Rigobello Elisa,erigo1,Interno
18/05/2015,Chianura Andrea,arv00321,Interno
18/05/2015,Campanini Daniele,ars00005,Interno
18/05/2015,Rizzi Silvia,arl00104,Interno
18/05/2015,Bolognese Giorgio,arv00001,Interno
18/05/2015,Bolognese Giorgio,arv00001,Interno
18/05/2015,Giordano Giuseppe,arx50011,Esterno
18/05/2015,Giordano Giuseppe,arx50011,Esterno
18/05/2015,Dolfini Erica,arl00011,Interno
18/05/2015,Morbioli Marta,arl00116,Interno
18/05/2015,Morbioli Marta,arl00116,Interno
18/05/2015,D'auria Rossana,arx50019,Esterno
18/05/2015,D'auria Rossana,arx50019,Esterno
18/05/2015,Pozzani Verena,arl00039,Interno
18/05/2015,Pozzani Verena,arl00039,Interno
18/05/2015,Maschi Giorgia,ara00322,Interno
18/05/2015,Venturi Margherita,arv00303,Interno
18/05/2015,Todesco Dora,arv00310,Interno
18/05/2015,Todesco Dora,arv00310,Interno
18/05/2015,Rizzi Silvia,arl00104,Interno
18/05/2015,Sirdone Antonia,arv00320,Interno
18/05/2015,Meghi Luigi,ars00011,Interno
18/05/2015,Meghi Luigi,ars00011,Interno
18/05/2015,Maschi Giorgia,ara00322,Interno
18/05/2015,Gastaldello Maria,arl00046,Interno
18/05/2015,De Pasquale Valentina,arl00157,Interno
18/05/2015,Bellorio Giovanna,ara00018,Interno
18/05/2015,Morbioli Marta,arl00116,Interno
18/05/2015,Calderoni Oriana,arl00072,Interno
18/05/2015,Zanon Chiara,arl00205,Interno
18/05/2015,Venturelli Emiliano,ara00301,Interno
18/05/2015,Strambini Giulia,arl00159,Interno
18/05/2015,Strambini Giulia,arl00159,Interno
18/05/2015,Canteri Daniele,xdcant,Interno
18/05/2015,Cristini Elisa,arv00298,Interno
18/05/2015,Cristini Elisa,arv00298,Interno
18/05/2015,Bolognese Giorgio,arv00001,Interno
18/05/2015,Bolognese Giorgio,arv00001,Interno
18/05/2015,Bolognese Giorgio,arv00001,Interno
18/05/2015,Bolognese Giorgio,arv00001,Interno
18/05/2015,Bolognese Giorgio,arv00001,Interno
18/05/2015,Bolognese Giorgio,arv00001,Interno
18/05/2015,Bolognese Giorgio,arv00001,Interno
18/05/2015,Bolognese Giorgio,arv00001,Interno
18/05/2015,Bolognese Giorgio,arv00001,Interno
18/05/2015,Bolognese Giorgio,arv00001,Interno
18/05/2015,Bolognese Giorgio,arv00001,Interno
18/05/2015,Bolognese Giorgio,arv00001,Interno
18/05/2015,Bolognese Giorgio,arv00001,Interno
18/05/2015,Bolognese Giorgio,arv00001,Interno
18/05/2015,Bolognese Giorgio,arv00001,Interno
18/05/2015,Bolognese Giorgio,arv00001,Interno
18/05/2015,Bolognese Giorgio,arv00001,Interno
18/05/2015,Vignola Diego,ars00027,Interno
18/05/2015,Giannone Immacolata,arl00152,Interno
18/05/2015,Canteri Daniele,xdcant,Interno
18/05/2015,Ceoletta Barbara,arl00102,Interno
18/05/2015,Cristini Elisa,arv00298,Interno
18/05/2015,Cristini Elisa,arv00298,Interno
18/05/2015,Calderoni Oriana,arl00072,Interno
18/05/2015,Calderoni Oriana,arl00072,Interno
18/05/2015,Gullo Egidia,arl00185,Interno
18/05/2015,Caleffi Evelyn,arl00156,Interno
18/05/2015,Corsini Paola,arl00047,Interno
18/05/2015,Farina Maria Rosaria,arl00122,Interno
18/05/2015,Murari Sara,arv00325,Interno
18/05/2015,Murari Sara,arv00325,Interno
18/05/2015,Ortolani Brunella,arv00314,Interno
18/05/2015,Strambini Giulia,arl00159,Interno
18/05/2015,Gasparini Paola,arl00042,Interno
18/05/2015,Campanini Daniele,ars00005,Interno
18/05/2015,Ala Michela,ara00338,Interno
18/05/2015,Vignola Diego,ars00027,Interno
18/05/2015,Vignola Diego,ars00027,Interno
18/05/2015,Boselli Maria Cristina,arv00066,Interno
18/05/2015,Bolognese Giorgio,arv00001,Interno
18/05/2015,Bolognese Giorgio,arv00001,Interno
18/05/2015,Bolognese Giorgio,arv00001,Interno
18/05/2015,Bolognese Giorgio,arv00001,Interno
18/05/2015,Bolognese Giorgio,arv00001,Interno
18/05/2015,Bolognese Giorgio,arv00001,Interno
18/05/2015,Rigobello Elisa,erigo1,Interno
18/05/2015,Mondini Giorgio,arv00087,Interno
18/05/2015,Lianti Andrea,arx50031,Esterno
18/05/2015,Ceoletta Barbara,arl00102,Interno
18/05/2015,Calderoni Oriana,arl00072,Interno
18/05/2015,Rigobello Elisa,erigo1,Interno
18/05/2015,Gullo Egidia,arl00185,Interno
18/05/2015,Caleffi Evelyn,arl00156,Interno
18/05/2015,Angela Volpe,arv00299,Interno
18/05/2015,Conti Rossella,arl00201,Interno
18/05/2015,Guerini Isabella,arv00162,Interno
18/05/2015,Torre Natascia,arv00281,Interno
18/05/2015,Feralo Gianluca,arv00089,Interno
18/05/2015,Gobbati Francesca,arl00188,Interno
18/05/2015,Gobbati Francesca,arl00188,Interno
18/05/2015,Titi Stefania,arl00184,Interno
18/05/2015,Titi Stefania,arl00184,Interno
18/05/2015,Avesani Erika,arv00143,Interno
18/05/2015,Avesani Erika,arv00143,Interno
18/05/2015,Giannone Immacolata,arl00152,Interno
18/05/2015,Bellini Elisa,arx50020,Esterno
18/05/2015,Testi Martina,ara00219,Interno
18/05/2015,Testi Martina,ara00219,Interno
18/05/2015,Testi Martina,ara00219,Interno
18/05/2015,Cornea Ina,arl00187,Interno
18/05/2015,Barana Roberta,arl00174,Interno
18/05/2015,Barana Roberta,arl00174,Interno
18/05/2015,Agapescu Liliana,ara00321,Interno
18/05/2015,Venturelli Emiliano,ara00301,Interno
18/05/2015,Venturelli Emiliano,ara00301,Interno
18/05/2015,Morbioli Marta,arl00116,Interno
18/05/2015,Morbioli Marta,arl00116,Interno
18/05/2015,Agapescu Liliana,ara00321,Interno
18/05/2015,Sirdone Antonia,arv00320,Interno
18/05/2015,Mirandola Mattia,arx50004,Esterno
18/05/2015,Ganassini Susanna,ara00289,Interno
18/05/2015,Stefania Colombo,ara00333,Interno
18/05/2015,Pagani Sonia,ara00087,Interno
18/05/2015,Lianti Andrea,arx50031,Esterno
18/05/2015,Bigatel Alessandro,ara00064,Interno
18/05/2015,Bigatel Alessandro,ara00064,Interno
18/05/2015,Sartori Elena,arl00194,Interno
18/05/2015,Di Stefano Raffaele,arx01827,Esterno
18/05/2015,Di Stefano Raffaele,arx01827,Esterno
18/05/2015,Bigatel Alessandro,ara00064,Interno
18/05/2015,Crepaz Nadine,arl00009,Interno
18/05/2015,Crepaz Nadine,arl00009,Interno
18/05/2015,Mazzone Aurora,arl00202,Interno
18/05/2015,Zampieri Michela,ara00200,Interno
18/05/2015,Agostini Enrico,arx50005,Esterno
18/05/2015,Bonfante Emma,arl00196,Interno
18/05/2015,Vincifori Sonia,arl00119,Interno
18/05/2015,Vincifori Sonia,arl00119,Interno
18/05/2015,De Cillis Mauro,arx01801,Esterno
18/05/2015,De Fanti Alessandro,arl00154,Interno
18/05/2015,De Fanti Alessandro,arl00154,Interno
18/05/2015,Angela Volpe,arv00299,Interno
18/05/2015,Angela Volpe,arv00299,Interno
18/05/2015,Anderloni Silvia,ara00323,Interno
18/05/2015,De Cillis Mauro,arx01801,Esterno
18/05/2015,Ceoletta Barbara,arl00102,Interno
18/05/2015,Anderloni Silvia,ara00323,Interno
18/05/2015,Cornea Ina,arl00187,Interno
18/05/2015,Avesani Erika,arv00143,Interno
18/05/2015,Avesani Erika,arv00143,Interno
18/05/2015,Campion Emanuele,arv00007,Interno
18/05/2015,Arrichiello Cristiano,arl00198,Interno
18/05/2015,Titi Stefania,arl00184,Interno
18/05/2015,Testi Martina,ara00219,Interno
18/05/2015,Sirdone Antonia,arv00320,Interno
18/05/2015,Sirdone Antonia,arv00320,Interno
18/05/2015,Bigatel Alessandro,ara00064,Interno
18/05/2015,Rossato Francesca,ara00058,Interno
18/05/2015,Crepaz Nadine,arl00009,Interno
18/05/2015,Crepaz Nadine,arl00009,Interno
18/05/2015,Di Stefano Raffaele,arx01827,Esterno
18/05/2015,Di Stefano Raffaele,arx01827,Esterno
18/05/2015,D'auria Rossana,arx50019,Esterno
18/05/2015,D'auria Rossana,arx50019,Esterno
18/05/2015,Pagani Sonia,ara00087,Interno
18/05/2015,Arduini Elisa,ara00182,Interno
18/05/2015,Maschi Giorgia,ara00322,Interno
18/05/2015,Bellini Elisa,arx50020,Esterno
18/05/2015,Bellini Elisa,arx50020,Esterno
18/05/2015,Gobbati Francesca,arl00188,Interno
18/05/2015,Simeoni Silvia,arl00182,Interno
18/05/2015,Sartori Elena,arl00194,Interno
18/05/2015,Venturelli Emiliano,ara00301,Interno
18/05/2015,Venturelli Emiliano,ara00301,Interno
18/05/2015,Lianti Andrea,arx50031,Esterno
18/05/2015,Canteri Daniele,xdcant,Interno
18/05/2015,Canteri Daniele,xdcant,Interno
18/05/2015,Lianti Andrea,arx50031,Esterno
18/05/2015,Facchin Matteo,ars00006,Interno
18/05/2015,Facchin Matteo,ars00006,Interno
18/05/2015,Vincifori Sonia,arl00119,Interno
18/05/2015,Campion Emanuele,arv00007,Interno
18/05/2015,Campion Emanuele,arv00007,Interno
18/05/2015,De Cillis Mauro,arx01801,Esterno
18/05/2015,Agapescu Liliana,ara00321,Interno
18/05/2015,Bigatel Alessandro,ara00064,Interno
18/05/2015,Pagani Sonia,ara00087,Interno
18/05/2015,Angela Volpe,arv00299,Interno
18/05/2015,Angela Volpe,arv00299,Interno
18/05/2015,Bolognese Giorgio,arv00001,Interno
18/05/2015,Bolognese Giorgio,arv00001,Interno
18/05/2015,Bolognese Giorgio,arv00001,Interno
18/05/2015,Stefania Colombo,ara00333,Interno
18/05/2015,Angela Volpe,arv00299,Interno
18/05/2015,Di Stefano Raffaele,arx01827,Esterno
18/05/2015,Di Stefano Raffaele,arx01827,Esterno
18/05/2015,Cristini Elisa,arv00298,Interno
18/05/2015,Boselli Maria Cristina,arv00066,Interno
18/05/2015,Agapescu Liliana,ara00321,Interno
18/05/2015,Boselli Maria Cristina,arv00066,Interno
18/05/2015,Venturelli Emiliano,ara00301,Interno
18/05/2015,Giordano Giuseppe,arx50011,Esterno
18/05/2015,Giordano Giuseppe,arx50011,Esterno
18/05/2015,Lucchi Marco,xmlucc,Interno
18/05/2015,Lucchi Marco,xmlucc,Interno
18/05/2015,Agostini Enrico,arx50005,Esterno
18/05/2015,Agostini Enrico,arx50005,Esterno
18/05/2015,Pagan Zecchin Elena,arv00178,Interno
18/05/2015,Bolognese Giorgio,arv00001,Interno
18/05/2015,Bragastini Cristina,ara00054,Interno
18/05/2015,Bragastini Cristina,ara00054,Interno
18/05/2015,Mirandola Mattia,arx50004,Esterno
18/05/2015,Stefania Colombo,ara00333,Interno
18/05/2015,Bigatel Alessandro,ara00064,Interno
18/05/2015,Bonfante Emma,arl00196,Interno
18/05/2015,Pula Orietta,ara00114,Interno
18/05/2015,Di Stefano Raffaele,arx01827,Esterno
18/05/2015,Di Stefano Raffaele,arx01827,Esterno
18/05/2015,Bozzini Michele,arx03308,Esterno
18/05/2015,Lianti Andrea,arx50031,Esterno
18/05/2015,Sirdone Antonia,arv00320,Interno
18/05/2015,Tommasini Chiara,arv00260,Interno
18/05/2015,Pula Orietta,ara00114,Interno
18/05/2015,Campion Emanuele,arv00007,Interno
18/05/2015,Campion Emanuele,arv00007,Interno
18/05/2015,Bigatel Alessandro,ara00064,Interno
18/05/2015,Venturelli Emiliano,ara00301,Interno
18/05/2015,Rebeschini Dario,ara00259,Interno
18/05/2015,Tommasini Chiara,arv00260,Interno
18/05/2015,Mirandola Mattia,arx50004,Esterno
18/05/2015,Mirandola Mattia,arx50004,Esterno
18/05/2015,Calderoni Oriana,arl00072,Interno
18/05/2015,Agapescu Liliana,ara00321,Interno
18/05/2015,Testi Martina,ara00219,Interno
18/05/2015,Murari Sara,arv00325,Interno
18/05/2015,Bellini Elisa,arx50020,Esterno
18/05/2015,Bellini Elisa,arx50020,Esterno
18/05/2015,D'auria Rossana,arx50019,Esterno
18/05/2015,D'auria Rossana,arx50019,Esterno
18/05/2015,Zeggiotti Sheila,ara00284,Interno
18/05/2015,Barana Roberta,arl00174,Interno
18/05/2015,Lianti Andrea,arx50031,Esterno
18/05/2015,Feralo Gianluca,arv00089,Interno
18/05/2015,Tommasini Chiara,arv00260,Interno
18/05/2015,Bertolaso Elisabetta,ara00147,Interno
18/05/2015,Lucchi Marco,xmlucc,Interno
18/05/2015,Lucchi Marco,xmlucc,Interno
18/05/2015,Mirandola Mattia,arx50004,Esterno
18/05/2015,D'auria Rossana,arx50019,Esterno
18/05/2015,Lianti Andrea,arx50031,Esterno
18/05/2015,Di Stefano Raffaele,arx01827,Esterno
18/05/2015,Di Stefano Raffaele,arx01827,Esterno
